<?xml version="1.0" encoding="UTF-8"?>
<testsuite name="lawnlayer.SampleTest" tests="1" skipped="0" failures="0" errors="0" timestamp="2023-11-11T15:37:06" hostname="LAPTOP-SM99RQ7G" time="0.018">
  <properties/>
  <testcase name="simpleTest()" classname="lawnlayer.SampleTest" time="0.018"/>
  <system-out><![CDATA[]]></system-out>
  <system-err><![CDATA[]]></system-err>
</testsuite>
